<?xml version="1.0" encoding="UTF-8"?>
<testng-results skipped="0" failed="0" total="1" passed="1">
  <reporter-output>
  </reporter-output>
  <suite name="MFG Suite" duration-ms="77296" started-at="2019-01-22T10:57:01Z" finished-at="2019-01-22T10:58:18Z">
    <groups>
    </groups>
    <test name="FLFFLOW" duration-ms="77296" started-at="2019-01-22T10:57:01Z" finished-at="2019-01-22T10:58:18Z">
      <class name="com.volvo.mfg.test.TestFLFPages">
        <test-method status="PASS" signature="startTest()[pri:0, instance:com.volvo.mfg.test.TestFLFPages@63753b6d]" name="startTest" is-config="true" duration-ms="577" started-at="2019-01-22T16:27:01Z" finished-at="2019-01-22T16:27:01Z">
          <reporter-output>
          </reporter-output>
        </test-method> <!-- startTest -->
        <test-method status="PASS" signature="setUp()[pri:0, instance:com.volvo.mfg.test.TestFLFPages@63753b6d]" name="setUp" is-config="true" duration-ms="251" started-at="2019-01-22T16:27:01Z" finished-at="2019-01-22T16:27:02Z">
          <reporter-output>
          </reporter-output>
        </test-method> <!-- setUp -->
        <test-method status="PASS" signature="InitTestMethod(java.lang.String, java.lang.reflect.Method)[pri:0, instance:com.volvo.mfg.test.TestFLFPages@63753b6d]" name="InitTestMethod" is-config="true" duration-ms="17206" started-at="2019-01-22T16:27:02Z" finished-at="2019-01-22T16:27:19Z">
          <params>
            <param index="0">
              <value>
                <![CDATA[FIREFOX]]>
              </value>
            </param>
            <param index="1">
              <value>
                <![CDATA[public void com.volvo.mfg.test.TestFLFPages.PickingofKollis(java.util.LinkedHashMap) throws java.io.IOException,java.lang.InterruptedException,java.sql.SQLException]]>
              </value>
            </param>
          </params>
          <reporter-output>
          </reporter-output>
        </test-method> <!-- InitTestMethod -->
        <test-method status="PASS" signature="PickingofKollis(java.util.LinkedHashMap)[pri:0, instance:com.volvo.mfg.test.TestFLFPages@63753b6d]" name="PickingofKollis" duration-ms="57364" started-at="2019-01-22T16:27:19Z" data-provider="TestDataProvider" finished-at="2019-01-22T16:28:16Z">
          <params>
            <param index="0">
              <value>
                <![CDATA[{TC_No=TC_01, TestCase_Name=PickingofKollis, Execution_Status=Yes, UserName=pmadhesh, Password=8f1c052i@bt6cfOm, Expected=Flf systemets startsida., Status=LEDIG,HÄMTAD,FRISLÄPPT,Oplanerad, UpdateTrainName=VGNTCS TCS1, ObjectID=31407560, LevNo=ETRBA, KolliNo=10336469, Checkcode=15, ArticleNo=31455003, StartAvMad=Test1, FromMad=123, ToMad=456, MadChk=1, Fabrik=C,B, Rum=TCSLAST, Rumbeskrivning=Lastuppdrag TCS, Tur=1031,TEST,1451, LeadTime=10, ChangeTime=1, GenaTime=1,31, userDropdown=Användare, Cdsid=PMADHESH}]]>
              </value>
            </param>
          </params>
          <reporter-output>
          </reporter-output>
        </test-method> <!-- PickingofKollis -->
        <test-method status="PASS" signature="afterMethods()[pri:0, instance:com.volvo.mfg.test.TestFLFPages@63753b6d]" name="afterMethods" is-config="true" duration-ms="601" started-at="2019-01-22T16:28:16Z" finished-at="2019-01-22T16:28:17Z">
          <reporter-output>
          </reporter-output>
        </test-method> <!-- afterMethods -->
        <test-method status="PASS" signature="cleanUp()[pri:0, instance:com.volvo.mfg.test.TestFLFPages@63753b6d]" name="cleanUp" is-config="true" duration-ms="1082" started-at="2019-01-22T16:28:17Z" finished-at="2019-01-22T16:28:18Z">
          <reporter-output>
          </reporter-output>
        </test-method> <!-- cleanUp -->
        <test-method status="PASS" signature="endTest()[pri:0, instance:com.volvo.mfg.test.TestFLFPages@63753b6d]" name="endTest" is-config="true" duration-ms="3" started-at="2019-01-22T16:28:18Z" finished-at="2019-01-22T16:28:18Z">
          <reporter-output>
          </reporter-output>
        </test-method> <!-- endTest -->
      </class> <!-- com.volvo.mfg.test.TestFLFPages -->
    </test> <!-- FLFFLOW -->
  </suite> <!-- MFG Suite -->
</testng-results>
